c:\users\aalex\desktop\chemotherapyhook\chemotherapy\debug\vc141.pdb
c:\users\aalex\desktop\chemotherapyhook\chemotherapy\debug\vc141.idb
c:\users\aalex\desktop\chemotherapyhook\chemotherapy\debug\prediction.obj
c:\users\aalex\desktop\chemotherapyhook\chemotherapy\debug\netvars.obj
c:\users\aalex\desktop\chemotherapyhook\chemotherapy\debug\md5.obj
c:\users\aalex\desktop\chemotherapyhook\chemotherapy\debug\hooks.obj
c:\users\aalex\desktop\chemotherapyhook\chemotherapy\debug\gui.obj
c:\users\aalex\desktop\chemotherapyhook\chemotherapy\debug\glow.obj
c:\users\aalex\desktop\chemotherapyhook\chemotherapy\debug\esp.obj
c:\users\aalex\desktop\chemotherapyhook\chemotherapy\debug\dll.obj
c:\users\aalex\desktop\chemotherapyhook\chemotherapy\debug\aimbot.obj
c:\users\aalex\desktop\chemotherapyhook\chemotherapy\debug\game.obj
c:\users\aalex\desktop\chemotherapyhook\chemotherapy\debug\hook.ilk
c:\users\aalex\desktop\chemotherapyhook\chemotherapy\debug\hook.dll
c:\users\aalex\desktop\chemotherapyhook\chemotherapy\debug\hook.pdb
c:\users\aalex\desktop\chemotherapyhook\chemotherapy\debug\hook.tlog\cl.command.1.tlog
c:\users\aalex\desktop\chemotherapyhook\chemotherapy\debug\hook.tlog\cl.read.1.tlog
c:\users\aalex\desktop\chemotherapyhook\chemotherapy\debug\hook.tlog\cl.write.1.tlog
c:\users\aalex\desktop\chemotherapyhook\chemotherapy\debug\hook.tlog\link.command.1.tlog
c:\users\aalex\desktop\chemotherapyhook\chemotherapy\debug\hook.tlog\link.read.1.tlog
c:\users\aalex\desktop\chemotherapyhook\chemotherapy\debug\hook.tlog\link.write.1.tlog
